[0m11:46:25.623841 [debug] [MainThread]: Sending event: {'category': 'dbt', 'action': 'invocation', 'label': 'start', 'context': [<snowplow_tracker.self_describing_json.SelfDescribingJson object at 0x7fabd7e75cd0>, <snowplow_tracker.self_describing_json.SelfDescribingJson object at 0x7fabd7995c10>, <snowplow_tracker.self_describing_json.SelfDescribingJson object at 0x7fabd5532e20>]}


============================== 11:46:25.628405 | 578f7755-2b08-41b3-abea-66c56e1c2129 ==============================
[0m11:46:25.628405 [info ] [MainThread]: Running with dbt=1.8.7
[0m11:46:25.629366 [debug] [MainThread]: running dbt with arguments {'printer_width': '80', 'indirect_selection': 'eager', 'log_cache_events': 'False', 'write_json': 'True', 'partial_parse': 'True', 'cache_selected_only': 'False', 'warn_error': 'None', 'debug': 'False', 'version_check': 'True', 'log_path': 'logs', 'fail_fast': 'False', 'profiles_dir': '/home/admincciat/.dbt', 'use_colors': 'True', 'use_experimental_parser': 'False', 'empty': 'None', 'quiet': 'False', 'no_print': 'None', 'warn_error_options': 'WarnErrorOptions(include=[], exclude=[])', 'static_parser': 'True', 'invocation_command': 'dbt init formation_dbt', 'log_format': 'default', 'target_path': 'None', 'introspect': 'True', 'send_anonymous_usage_stats': 'True'}
[0m11:46:25.640465 [warn ] [MainThread]: [ConfigFolderDirectory]: Unable to parse logging event dictionary. Failed to parse dir field: expected string or bytes-like object.. Dictionary: {'dir': PosixPath('/home/admincciat/.dbt')}
[0m11:46:25.641092 [info ] [MainThread]: Creating dbt configuration folder at 
[0m11:46:25.642655 [debug] [MainThread]: Starter project path: /home/admincciat/.local/lib/python3.8/site-packages/dbt/include/starter_project
[0m11:46:25.644608 [info ] [MainThread]: 
Your new dbt project "formation_dbt" was created!

For more information on how to configure the profiles.yml file,
please consult the dbt documentation here:

  https://docs.getdbt.com/docs/configure-your-profile

One more thing:

Need help? Don't hesitate to reach out to us via GitHub issues or on Slack:

  https://community.getdbt.com/

Happy modeling!

[0m11:46:25.645139 [info ] [MainThread]: Setting up your profile.
[0m11:46:36.192340 [info ] [MainThread]: Profile formation_dbt written to /home/admincciat/.dbt/profiles.yml using target's sample configuration. Once updated, you'll be able to start developing with dbt.
[0m11:46:36.193180 [debug] [MainThread]: Resource report: {"command_name": "init", "command_success": true, "command_wall_clock_time": 10.626479, "process_user_time": 1.029864, "process_kernel_time": 0.087817, "process_mem_max_rss": "94336", "process_in_blocks": "672", "process_out_blocks": "80"}
[0m11:46:36.193661 [debug] [MainThread]: Command `dbt init` succeeded at 11:46:36.193554 after 10.63 seconds
[0m11:46:36.194071 [debug] [MainThread]: Sending event: {'category': 'dbt', 'action': 'invocation', 'label': 'end', 'context': [<snowplow_tracker.self_describing_json.SelfDescribingJson object at 0x7fabd7e75cd0>, <snowplow_tracker.self_describing_json.SelfDescribingJson object at 0x7fabd54e93a0>, <snowplow_tracker.self_describing_json.SelfDescribingJson object at 0x7fabd549d550>]}
[0m11:46:36.194508 [debug] [MainThread]: Flushing usage events
[0m11:37:06.215865 [debug] [MainThread]: Sending event: {'category': 'dbt', 'action': 'invocation', 'label': 'start', 'context': [<snowplow_tracker.self_describing_json.SelfDescribingJson object at 0x7f8e68c0df40>, <snowplow_tracker.self_describing_json.SelfDescribingJson object at 0x7f8e6872aaf0>, <snowplow_tracker.self_describing_json.SelfDescribingJson object at 0x7f8e663084c0>]}


============================== 11:37:06.219004 | 622d8b72-7087-4f65-8463-da814e385b17 ==============================
[0m11:37:06.219004 [info ] [MainThread]: Running with dbt=1.8.7
[0m11:37:06.219553 [debug] [MainThread]: running dbt with arguments {'printer_width': '80', 'indirect_selection': 'eager', 'write_json': 'True', 'log_cache_events': 'False', 'partial_parse': 'True', 'cache_selected_only': 'False', 'profiles_dir': '/home/admincciat/.dbt', 'debug': 'False', 'version_check': 'True', 'log_path': 'logs', 'fail_fast': 'False', 'warn_error': 'None', 'use_colors': 'True', 'use_experimental_parser': 'False', 'no_print': 'None', 'quiet': 'False', 'empty': 'None', 'warn_error_options': 'WarnErrorOptions(include=[], exclude=[])', 'static_parser': 'True', 'log_format': 'default', 'introspect': 'True', 'target_path': 'None', 'invocation_command': 'dbt debug', 'send_anonymous_usage_stats': 'True'}
[0m11:37:06.227020 [info ] [MainThread]: dbt version: 1.8.7
[0m11:37:06.227536 [info ] [MainThread]: python version: 3.8.10
[0m11:37:06.228050 [info ] [MainThread]: python path: /usr/bin/python3
[0m11:37:06.228452 [info ] [MainThread]: os info: Linux-5.15.0-139-generic-x86_64-with-glibc2.29
[0m11:37:06.305265 [info ] [MainThread]: Using profiles dir at /home/admincciat/.dbt
[0m11:37:06.305740 [info ] [MainThread]: Using profiles.yml file at /home/admincciat/.dbt/profiles.yml
[0m11:37:06.306047 [info ] [MainThread]: Using dbt_project.yml file at /home/admincciat/cours_pratique_dbt/dbt_project.yml
[0m11:37:06.308020 [info ] [MainThread]: adapter type: duckdb
[0m11:37:06.308336 [info ] [MainThread]: adapter version: 1.9.0
[0m11:37:06.308646 [info ] [MainThread]: Configuration:
[0m11:37:06.309074 [info ] [MainThread]:   profiles.yml file [[32mOK found and valid[0m]
[0m11:37:06.309498 [info ] [MainThread]:   dbt_project.yml file [[31mERROR not found[0m]
[0m11:37:06.309904 [info ] [MainThread]: Required dependencies:
[0m11:37:06.310239 [debug] [MainThread]: Executing "git --help"
[0m11:37:06.315562 [debug] [MainThread]: STDOUT: "b"usage : git [--version] [--help] [-C <chemin>] [-c <nom>=<valeur>]\n           [--exec-path[=<chemin>]] [--html-path] [--man-path] [--info-path]\n           [-p | --paginate | -P | --no-pager] [--no-replace-objects] [--bare]\n           [--git-dir=<chemin>] [--work-tree=<chemin>] [--namespace=<nom>]\n           <commande> [<args>]\n\nCi-dessous les commandes Git habituelles dans diverses situations\xc2\xa0:\n\nd\xc3\xa9marrer une zone de travail (voir aussi\xc2\xa0: git help tutorial)\n   clone             Cloner un d\xc3\xa9p\xc3\xb4t dans un nouveau r\xc3\xa9pertoire\n   init              Cr\xc3\xa9er un d\xc3\xa9p\xc3\xb4t Git vide ou r\xc3\xa9initialiser un existant\n\ntravailler sur la modification actuelle (voir aussi\xc2\xa0: git help revisions)\n   add               Ajouter le contenu de fichiers dans l'index\n   mv                D\xc3\xa9placer ou renommer un fichier, un r\xc3\xa9pertoire, ou un lien symbolique\n   restore           Restaurer les fichiers l'arbre de travail\n   rm                Supprimer des fichiers de la copie de travail et de l'index\n   sparse-checkout   Initialiser et modifier l'extraction clairsem\xc3\xa9e\n\nexaminer l'historique et l'\xc3\xa9tat (voir aussi\xc2\xa0: git help revisions)\n   bisect            Trouver par recherche binaire la modification qui a introduit un bogue\n   diff              Afficher les changements entre les validations, entre validation et copie de travail, etc\n   grep              Afficher les lignes correspondant \xc3\xa0 un motif\n   log               Afficher l'historique des validations\n   show              Afficher diff\xc3\xa9rents types d'objets\n   status            Afficher l'\xc3\xa9tat de la copie de travail\n\nagrandir, marquer et modifier votre historique\n   branch            Lister, cr\xc3\xa9er ou supprimer des branches\n   commit            Enregistrer les modifications dans le d\xc3\xa9p\xc3\xb4t\n   merge             Fusionner deux ou plusieurs historiques de d\xc3\xa9veloppement ensemble\n   rebase            R\xc3\xa9application des commits sur le sommet de l'autre base\n   reset             R\xc3\xa9initialiser la HEAD courante \xc3\xa0 l'\xc3\xa9tat sp\xc3\xa9cifi\xc3\xa9\n   switch            Basculer de branche\n   tag               Cr\xc3\xa9er, lister, supprimer ou v\xc3\xa9rifier un objet d'\xc3\xa9tiquette sign\xc3\xa9 avec GPG\n\ncollaborer (voir aussi\xc2\xa0: git help workflows)\n   fetch             T\xc3\xa9l\xc3\xa9charger les objets et r\xc3\xa9f\xc3\xa9rences depuis un autre d\xc3\xa9p\xc3\xb4t\n   pull              Rapatrier et int\xc3\xa9grer un autre d\xc3\xa9p\xc3\xb4t ou une branche locale\n   push              Mettre \xc3\xa0 jour les r\xc3\xa9f\xc3\xa9rences distantes ainsi que les objets associ\xc3\xa9s\n\n'git help -a' et 'git help -g' listent les sous-commandes disponibles et\nquelques concepts. Voir 'git help <commande>' ou 'git help <concept>'\npour en lire plus \xc3\xa0 propos d'une commande sp\xc3\xa9cifique ou d'un concept.\nVoir 'git help git' pour un survol du syst\xc3\xa8me.\n""
[0m11:37:06.317096 [debug] [MainThread]: STDERR: "b''"
[0m11:37:06.317863 [info ] [MainThread]:  - git [[32mOK found[0m]

[0m11:37:06.318579 [info ] [MainThread]: Connection:
[0m11:37:06.319269 [info ] [MainThread]:   database: dev
[0m11:37:06.319867 [info ] [MainThread]:   schema: main
[0m11:37:06.320469 [info ] [MainThread]:   path: dev.duckdb
[0m11:37:06.321061 [info ] [MainThread]:   config_options: None
[0m11:37:06.321708 [info ] [MainThread]:   extensions: None
[0m11:37:06.322310 [info ] [MainThread]:   settings: {}
[0m11:37:06.322908 [info ] [MainThread]:   external_root: .
[0m11:37:06.323517 [info ] [MainThread]:   use_credential_provider: None
[0m11:37:06.324159 [info ] [MainThread]:   attach: None
[0m11:37:06.324797 [info ] [MainThread]:   filesystems: None
[0m11:37:06.325411 [info ] [MainThread]:   remote: None
[0m11:37:06.326051 [info ] [MainThread]:   plugins: None
[0m11:37:06.326656 [info ] [MainThread]:   disable_transactions: False
[0m11:37:06.327775 [info ] [MainThread]: Registered adapter: duckdb=1.9.0
[0m11:37:06.331507 [debug] [MainThread]: Acquiring new duckdb connection 'debug'
[0m11:37:06.355355 [debug] [MainThread]: Using duckdb connection "debug"
[0m11:37:06.355758 [debug] [MainThread]: On debug: select 1 as id
[0m11:37:06.356089 [debug] [MainThread]: Opening a new connection, currently in state init
[0m11:37:06.370038 [debug] [MainThread]: SQL status: OK in 0.014 seconds
[0m11:37:06.371039 [debug] [MainThread]: On debug: Close
[0m11:37:06.373277 [info ] [MainThread]:   Connection test: [[32mOK connection ok[0m]

[0m11:37:06.373818 [info ] [MainThread]: [31m1 check failed:[0m
[0m11:37:06.374141 [info ] [MainThread]: Project loading failed for the following reason:
 project path </home/admincciat/cours_pratique_dbt/dbt_project.yml> not found

[0m11:37:06.374891 [debug] [MainThread]: Resource report: {"command_name": "debug", "command_wall_clock_time": 0.20711316, "process_user_time": 1.047248, "process_kernel_time": 0.076236, "process_mem_max_rss": "117048", "process_in_blocks": "8", "process_out_blocks": "48", "command_success": false}
[0m11:37:06.375354 [debug] [MainThread]: Command `dbt debug` failed at 11:37:06.375247 after 0.21 seconds
[0m11:37:06.375737 [debug] [MainThread]: Connection 'debug' was properly closed.
[0m11:37:06.376119 [debug] [MainThread]: Sending event: {'category': 'dbt', 'action': 'invocation', 'label': 'end', 'context': [<snowplow_tracker.self_describing_json.SelfDescribingJson object at 0x7f8e68c0df40>, <snowplow_tracker.self_describing_json.SelfDescribingJson object at 0x7f8e66204cd0>, <snowplow_tracker.self_describing_json.SelfDescribingJson object at 0x7f8e67cbb190>]}
[0m11:37:06.376655 [debug] [MainThread]: Flushing usage events
